This file contains any messages produced by compilers while
running configure, to aid debugging if configure makes a mistake.

It was created by libconfig configure 1.4.9, which was
generated by GNU Autoconf 2.69.  Invocation command line was

  $ ./configure 

## --------- ##
## Platform. ##
## --------- ##

hostname = ofdm-reference-test
uname -m = x86_64
uname -r = 4.4.0-64-generic
uname -s = Linux
uname -v = #85~14.04.1-Ubuntu SMP Mon Feb 20 12:10:54 UTC 2017

/usr/bin/uname -p = unknown
/bin/uname -X     = unknown

/bin/arch              = unknown
/usr/bin/arch -k       = unknown
/usr/convex/getsysinfo = unknown
/usr/bin/hostinfo      = unknown
/bin/machine           = unknown
/usr/bin/oslevel       = unknown
/bin/universe          = unknown

PATH: /usr/local/sbin
PATH: /usr/local/bin
PATH: /usr/sbin
PATH: /usr/bin
PATH: /sbin
PATH: /bin


## ----------- ##
## Core tests. ##
## ----------- ##

configure:2393: checking build system type
configure:2407: result: x86_64-unknown-linux-gnu
configure:2427: checking host system type
configure:2440: result: x86_64-unknown-linux-gnu
configure:2460: checking target system type
configure:2473: result: x86_64-unknown-linux-gnu
configure:2515: checking for a BSD-compatible install
configure:2583: result: /usr/bin/install -c
configure:2594: checking whether build environment is sane
configure:2644: result: yes
configure:2785: checking for a thread-safe mkdir -p
configure:2824: result: /bin/mkdir -p
configure:2837: checking for gawk
configure:2853: found /usr/bin/gawk
configure:2864: result: gawk
configure:2875: checking whether make sets $(MAKE)
configure:2897: result: yes
configure:2980: libconfig - made with pride in California
configure:3003: checking for style of include used by make
configure:3031: result: GNU
configure:3101: checking for gcc
configure:3117: found /usr/bin/gcc
configure:3128: result: gcc
configure:3357: checking for C compiler version
configure:3366: gcc --version >&5
gcc (Ubuntu 4.8.4-2ubuntu1~14.04.3) 4.8.4
Copyright (C) 2013 Free Software Foundation, Inc.
This is free software; see the source for copying conditions.  There is NO
warranty; not even for MERCHANTABILITY or FITNESS FOR A PARTICULAR PURPOSE.

configure:3377: $? = 0
configure:3366: gcc -v >&5
Using built-in specs.
COLLECT_GCC=gcc
COLLECT_LTO_WRAPPER=/usr/lib/gcc/x86_64-linux-gnu/4.8/lto-wrapper
Target: x86_64-linux-gnu
Configured with: ../src/configure -v --with-pkgversion='Ubuntu 4.8.4-2ubuntu1~14.04.3' --with-bugurl=file:///usr/share/doc/gcc-4.8/README.Bugs --enable-languages=c,c++,java,go,d,fortran,objc,obj-c++ --prefix=/usr --program-suffix=-4.8 --enable-shared --enable-linker-build-id --libexecdir=/usr/lib --without-included-gettext --enable-threads=posix --with-gxx-include-dir=/usr/include/c++/4.8 --libdir=/usr/lib --enable-nls --with-sysroot=/ --enable-clocale=gnu --enable-libstdcxx-debug --enable-libstdcxx-time=yes --enable-gnu-unique-object --disable-libmudflap --enable-plugin --with-system-zlib --disable-browser-plugin --enable-java-awt=gtk --enable-gtk-cairo --with-java-home=/usr/lib/jvm/java-1.5.0-gcj-4.8-amd64/jre --enable-java-home --with-jvm-root-dir=/usr/lib/jvm/java-1.5.0-gcj-4.8-amd64 --with-jvm-jar-dir=/usr/lib/jvm-exports/java-1.5.0-gcj-4.8-amd64 --with-arch-directory=amd64 --with-ecj-jar=/usr/share/java/eclipse-ecj.jar --enable-objc-gc --enable-multiarch --disable-werror --with-arch-32=i686 --with-abi=m64 --with-multilib-list=m32,m64,mx32 --with-tune=generic --enable-checking=release --build=x86_64-linux-gnu --host=x86_64-linux-gnu --target=x86_64-linux-gnu
Thread model: posix
gcc version 4.8.4 (Ubuntu 4.8.4-2ubuntu1~14.04.3) 
configure:3377: $? = 0
configure:3366: gcc -V >&5
gcc: error: unrecognized command line option '-V'
gcc: fatal error: no input files
compilation terminated.
configure:3377: $? = 4
configure:3366: gcc -qversion >&5
gcc: error: unrecognized command line option '-qversion'
gcc: fatal error: no input files
compilation terminated.
configure:3377: $? = 4
configure:3397: checking whether the C compiler works
configure:3419: gcc    conftest.c  >&5
configure:3423: $? = 0
configure:3471: result: yes
configure:3474: checking for C compiler default output file name
configure:3476: result: a.out
configure:3482: checking for suffix of executables
configure:3489: gcc -o conftest    conftest.c  >&5
configure:3493: $? = 0
configure:3515: result: 
configure:3537: checking whether we are cross compiling
configure:3545: gcc -o conftest    conftest.c  >&5
configure:3549: $? = 0
configure:3556: ./conftest
configure:3560: $? = 0
configure:3575: result: no
configure:3580: checking for suffix of object files
configure:3602: gcc -c   conftest.c >&5
configure:3606: $? = 0
configure:3627: result: o
configure:3631: checking whether we are using the GNU C compiler
configure:3650: gcc -c   conftest.c >&5
configure:3650: $? = 0
configure:3659: result: yes
configure:3668: checking whether gcc accepts -g
configure:3688: gcc -c -g  conftest.c >&5
configure:3688: $? = 0
configure:3729: result: yes
configure:3746: checking for gcc option to accept ISO C89
configure:3809: gcc  -c -g -O2  conftest.c >&5
configure:3809: $? = 0
configure:3822: result: none needed
configure:3844: checking dependency style of gcc
configure:3954: result: gcc3
configure:3975: checking how to run the C preprocessor
configure:4006: gcc -E  conftest.c
configure:4006: $? = 0
configure:4020: gcc -E  conftest.c
conftest.c:12:28: fatal error: ac_nonexistent.h: No such file or directory
 #include <ac_nonexistent.h>
                            ^
compilation terminated.
configure:4020: $? = 1
configure: failed program was:
| /* confdefs.h */
| #define PACKAGE_NAME "libconfig"
| #define PACKAGE_TARNAME "libconfig"
| #define PACKAGE_VERSION "1.4.9"
| #define PACKAGE_STRING "libconfig 1.4.9"
| #define PACKAGE_BUGREPORT "hyperrealm@gmail.com"
| #define PACKAGE_URL "http://www.hyperrealm.com/main.php?s=libconfig"
| #define PACKAGE "libconfig"
| #define VERSION "1.4.9"
| #define TARGET "x86_64-unknown-linux-gnu"
| /* end confdefs.h.  */
| #include <ac_nonexistent.h>
configure:4045: result: gcc -E
configure:4065: gcc -E  conftest.c
configure:4065: $? = 0
configure:4079: gcc -E  conftest.c
conftest.c:12:28: fatal error: ac_nonexistent.h: No such file or directory
 #include <ac_nonexistent.h>
                            ^
compilation terminated.
configure:4079: $? = 1
configure: failed program was:
| /* confdefs.h */
| #define PACKAGE_NAME "libconfig"
| #define PACKAGE_TARNAME "libconfig"
| #define PACKAGE_VERSION "1.4.9"
| #define PACKAGE_STRING "libconfig 1.4.9"
| #define PACKAGE_BUGREPORT "hyperrealm@gmail.com"
| #define PACKAGE_URL "http://www.hyperrealm.com/main.php?s=libconfig"
| #define PACKAGE "libconfig"
| #define VERSION "1.4.9"
| #define TARGET "x86_64-unknown-linux-gnu"
| /* end confdefs.h.  */
| #include <ac_nonexistent.h>
configure:4108: checking for grep that handles long lines and -e
configure:4166: result: /bin/grep
configure:4171: checking for egrep
configure:4233: result: /bin/grep -E
configure:4238: checking for ANSI C header files
configure:4258: gcc -c -g -O2  conftest.c >&5
configure:4258: $? = 0
configure:4331: gcc -o conftest -g -O2   conftest.c  >&5
configure:4331: $? = 0
configure:4331: ./conftest
configure:4331: $? = 0
configure:4342: result: yes
configure:4355: checking for sys/types.h
configure:4355: gcc -c -g -O2  conftest.c >&5
configure:4355: $? = 0
configure:4355: result: yes
configure:4355: checking for sys/stat.h
configure:4355: gcc -c -g -O2  conftest.c >&5
configure:4355: $? = 0
configure:4355: result: yes
configure:4355: checking for stdlib.h
configure:4355: gcc -c -g -O2  conftest.c >&5
configure:4355: $? = 0
configure:4355: result: yes
configure:4355: checking for string.h
configure:4355: gcc -c -g -O2  conftest.c >&5
configure:4355: $? = 0
configure:4355: result: yes
configure:4355: checking for memory.h
configure:4355: gcc -c -g -O2  conftest.c >&5
configure:4355: $? = 0
configure:4355: result: yes
configure:4355: checking for strings.h
configure:4355: gcc -c -g -O2  conftest.c >&5
configure:4355: $? = 0
configure:4355: result: yes
configure:4355: checking for inttypes.h
configure:4355: gcc -c -g -O2  conftest.c >&5
configure:4355: $? = 0
configure:4355: result: yes
configure:4355: checking for stdint.h
configure:4355: gcc -c -g -O2  conftest.c >&5
configure:4355: $? = 0
configure:4355: result: yes
configure:4355: checking for unistd.h
configure:4355: gcc -c -g -O2  conftest.c >&5
configure:4355: $? = 0
configure:4355: result: yes
configure:4368: checking minix/config.h usability
configure:4368: gcc -c -g -O2  conftest.c >&5
conftest.c:55:26: fatal error: minix/config.h: No such file or directory
 #include <minix/config.h>
                          ^
compilation terminated.
configure:4368: $? = 1
configure: failed program was:
| /* confdefs.h */
| #define PACKAGE_NAME "libconfig"
| #define PACKAGE_TARNAME "libconfig"
| #define PACKAGE_VERSION "1.4.9"
| #define PACKAGE_STRING "libconfig 1.4.9"
| #define PACKAGE_BUGREPORT "hyperrealm@gmail.com"
| #define PACKAGE_URL "http://www.hyperrealm.com/main.php?s=libconfig"
| #define PACKAGE "libconfig"
| #define VERSION "1.4.9"
| #define TARGET "x86_64-unknown-linux-gnu"
| #define STDC_HEADERS 1
| #define HAVE_SYS_TYPES_H 1
| #define HAVE_SYS_STAT_H 1
| #define HAVE_STDLIB_H 1
| #define HAVE_STRING_H 1
| #define HAVE_MEMORY_H 1
| #define HAVE_STRINGS_H 1
| #define HAVE_INTTYPES_H 1
| #define HAVE_STDINT_H 1
| #define HAVE_UNISTD_H 1
| /* end confdefs.h.  */
| #include <stdio.h>
| #ifdef HAVE_SYS_TYPES_H
| # include <sys/types.h>
| #endif
| #ifdef HAVE_SYS_STAT_H
| # include <sys/stat.h>
| #endif
| #ifdef STDC_HEADERS
| # include <stdlib.h>
| # include <stddef.h>
| #else
| # ifdef HAVE_STDLIB_H
| #  include <stdlib.h>
| # endif
| #endif
| #ifdef HAVE_STRING_H
| # if !defined STDC_HEADERS && defined HAVE_MEMORY_H
| #  include <memory.h>
| # endif
| # include <string.h>
| #endif
| #ifdef HAVE_STRINGS_H
| # include <strings.h>
| #endif
| #ifdef HAVE_INTTYPES_H
| # include <inttypes.h>
| #endif
| #ifdef HAVE_STDINT_H
| # include <stdint.h>
| #endif
| #ifdef HAVE_UNISTD_H
| # include <unistd.h>
| #endif
| #include <minix/config.h>
configure:4368: result: no
configure:4368: checking minix/config.h presence
configure:4368: gcc -E  conftest.c
conftest.c:22:26: fatal error: minix/config.h: No such file or directory
 #include <minix/config.h>
                          ^
compilation terminated.
configure:4368: $? = 1
configure: failed program was:
| /* confdefs.h */
| #define PACKAGE_NAME "libconfig"
| #define PACKAGE_TARNAME "libconfig"
| #define PACKAGE_VERSION "1.4.9"
| #define PACKAGE_STRING "libconfig 1.4.9"
| #define PACKAGE_BUGREPORT "hyperrealm@gmail.com"
| #define PACKAGE_URL "http://www.hyperrealm.com/main.php?s=libconfig"
| #define PACKAGE "libconfig"
| #define VERSION "1.4.9"
| #define TARGET "x86_64-unknown-linux-gnu"
| #define STDC_HEADERS 1
| #define HAVE_SYS_TYPES_H 1
| #define HAVE_SYS_STAT_H 1
| #define HAVE_STDLIB_H 1
| #define HAVE_STRING_H 1
| #define HAVE_MEMORY_H 1
| #define HAVE_STRINGS_H 1
| #define HAVE_INTTYPES_H 1
| #define HAVE_STDINT_H 1
| #define HAVE_UNISTD_H 1
| /* end confdefs.h.  */
| #include <minix/config.h>
configure:4368: result: no
configure:4368: checking for minix/config.h
configure:4368: result: no
configure:4389: checking whether it is safe to define __EXTENSIONS__
configure:4407: gcc -c -g -O2  conftest.c >&5
configure:4407: $? = 0
configure:4414: result: yes
configure:4476: checking how to print strings
configure:4503: result: printf
configure:4524: checking for a sed that does not truncate output
configure:4588: result: /bin/sed
configure:4606: checking for fgrep
configure:4668: result: /bin/grep -F
configure:4703: checking for ld used by gcc
configure:4770: result: /usr/bin/ld
configure:4777: checking if the linker (/usr/bin/ld) is GNU ld
configure:4792: result: yes
configure:4804: checking for BSD- or MS-compatible name lister (nm)
configure:4853: result: /usr/bin/nm -B
configure:4983: checking the name lister (/usr/bin/nm -B) interface
configure:4990: gcc -c -g -O2  conftest.c >&5
configure:4993: /usr/bin/nm -B "conftest.o"
configure:4996: output
0000000000000000 B some_variable
configure:5003: result: BSD nm
configure:5006: checking whether ln -s works
configure:5010: result: yes
configure:5018: checking the maximum length of command line arguments
configure:5148: result: 1572864
configure:5165: checking whether the shell understands some XSI constructs
configure:5175: result: yes
configure:5179: checking whether the shell understands "+="
configure:5185: result: yes
configure:5220: checking how to convert x86_64-unknown-linux-gnu file names to x86_64-unknown-linux-gnu format
configure:5260: result: func_convert_file_noop
configure:5267: checking how to convert x86_64-unknown-linux-gnu file names to toolchain format
configure:5287: result: func_convert_file_noop
configure:5294: checking for /usr/bin/ld option to reload object files
configure:5301: result: -r
configure:5375: checking for objdump
configure:5391: found /usr/bin/objdump
configure:5402: result: objdump
configure:5434: checking how to recognize dependent libraries
configure:5636: result: pass_all
configure:5721: checking for dlltool
configure:5751: result: no
configure:5781: checking how to associate runtime and link libraries
configure:5808: result: printf %s\n
configure:5868: checking for ar
configure:5884: found /usr/bin/ar
configure:5895: result: ar
configure:5932: checking for archiver @FILE support
configure:5949: gcc -c -g -O2  conftest.c >&5
configure:5949: $? = 0
configure:5952: ar cru libconftest.a @conftest.lst >&5
configure:5955: $? = 0
configure:5960: ar cru libconftest.a @conftest.lst >&5
ar: conftest.o: No such file or directory
configure:5963: $? = 1
configure:5975: result: @
configure:6033: checking for strip
configure:6049: found /usr/bin/strip
configure:6060: result: strip
configure:6132: checking for ranlib
configure:6148: found /usr/bin/ranlib
configure:6159: result: ranlib
configure:6261: checking command to parse /usr/bin/nm -B output from gcc object
configure:6381: gcc -c -g -O2  conftest.c >&5
configure:6384: $? = 0
configure:6388: /usr/bin/nm -B conftest.o \| sed -n -e 's/^.*[ ]\([ABCDGIRSTW][ABCDGIRSTW]*\)[ ][ ]*\([_A-Za-z][_A-Za-z0-9]*\)$/\1 \2 \2/p' | sed '/ __gnu_lto/d' \> conftest.nm
configure:6391: $? = 0
configure:6457: gcc -o conftest -g -O2   conftest.c conftstm.o >&5
configure:6460: $? = 0
configure:6498: result: ok
configure:6535: checking for sysroot
configure:6565: result: no
configure:6642: gcc -c -g -O2  conftest.c >&5
configure:6645: $? = 0
configure:6821: checking for mt
configure:6837: found /bin/mt
configure:6848: result: mt
configure:6871: checking if mt is a manifest tool
configure:6877: mt '-?'
configure:6885: result: no
configure:7524: checking for dlfcn.h
configure:7524: gcc -c -g -O2  conftest.c >&5
configure:7524: $? = 0
configure:7524: result: yes
configure:7730: checking for objdir
configure:7745: result: .libs
configure:8012: checking if gcc supports -fno-rtti -fno-exceptions
configure:8030: gcc -c -g -O2  -fno-rtti -fno-exceptions conftest.c >&5
cc1: warning: command line option '-fno-rtti' is valid for C++/ObjC++ but not for C [enabled by default]
configure:8034: $? = 0
configure:8047: result: no
configure:8374: checking for gcc option to produce PIC
configure:8381: result: -fPIC -DPIC
configure:8389: checking if gcc PIC flag -fPIC -DPIC works
configure:8407: gcc -c -g -O2  -fPIC -DPIC -DPIC conftest.c >&5
configure:8411: $? = 0
configure:8424: result: yes
configure:8453: checking if gcc static flag -static works
configure:8481: result: yes
configure:8496: checking if gcc supports -c -o file.o
configure:8517: gcc -c -g -O2  -o out/conftest2.o conftest.c >&5
configure:8521: $? = 0
configure:8543: result: yes
configure:8551: checking if gcc supports -c -o file.o
configure:8598: result: yes
configure:8631: checking whether the gcc linker (/usr/bin/ld -m elf_x86_64) supports shared libraries
configure:9784: result: yes
configure:9821: checking whether -lc should be explicitly linked in
configure:9829: gcc -c -g -O2  conftest.c >&5
configure:9832: $? = 0
configure:9847: gcc -shared  -fPIC -DPIC conftest.o  -v -Wl,-soname -Wl,conftest -o conftest 2\>\&1 \| /bin/grep  -lc  \>/dev/null 2\>\&1
configure:9850: $? = 0
configure:9864: result: no
configure:10024: checking dynamic linker characteristics
configure:10535: gcc -o conftest -g -O2   -Wl,-rpath -Wl,/foo conftest.c  >&5
configure:10535: $? = 0
configure:10757: result: GNU/Linux ld.so
configure:10864: checking how to hardcode library paths into programs
configure:10889: result: immediate
configure:11429: checking whether stripping libraries is possible
configure:11434: result: yes
configure:11469: checking if libtool supports shared libraries
configure:11471: result: yes
configure:11474: checking whether to build shared libraries
configure:11495: result: yes
configure:11498: checking whether to build static libraries
configure:11502: result: yes
configure:11588: checking for gcc
configure:11615: result: gcc
configure:11844: checking for C compiler version
configure:11853: gcc --version >&5
gcc (Ubuntu 4.8.4-2ubuntu1~14.04.3) 4.8.4
Copyright (C) 2013 Free Software Foundation, Inc.
This is free software; see the source for copying conditions.  There is NO
warranty; not even for MERCHANTABILITY or FITNESS FOR A PARTICULAR PURPOSE.

configure:11864: $? = 0
configure:11853: gcc -v >&5
Using built-in specs.
COLLECT_GCC=gcc
COLLECT_LTO_WRAPPER=/usr/lib/gcc/x86_64-linux-gnu/4.8/lto-wrapper
Target: x86_64-linux-gnu
Configured with: ../src/configure -v --with-pkgversion='Ubuntu 4.8.4-2ubuntu1~14.04.3' --with-bugurl=file:///usr/share/doc/gcc-4.8/README.Bugs --enable-languages=c,c++,java,go,d,fortran,objc,obj-c++ --prefix=/usr --program-suffix=-4.8 --enable-shared --enable-linker-build-id --libexecdir=/usr/lib --without-included-gettext --enable-threads=posix --with-gxx-include-dir=/usr/include/c++/4.8 --libdir=/usr/lib --enable-nls --with-sysroot=/ --enable-clocale=gnu --enable-libstdcxx-debug --enable-libstdcxx-time=yes --enable-gnu-unique-object --disable-libmudflap --enable-plugin --with-system-zlib --disable-browser-plugin --enable-java-awt=gtk --enable-gtk-cairo --with-java-home=/usr/lib/jvm/java-1.5.0-gcj-4.8-amd64/jre --enable-java-home --with-jvm-root-dir=/usr/lib/jvm/java-1.5.0-gcj-4.8-amd64 --with-jvm-jar-dir=/usr/lib/jvm-exports/java-1.5.0-gcj-4.8-amd64 --with-arch-directory=amd64 --with-ecj-jar=/usr/share/java/eclipse-ecj.jar --enable-objc-gc --enable-multiarch --disable-werror --with-arch-32=i686 --with-abi=m64 --with-multilib-list=m32,m64,mx32 --with-tune=generic --enable-checking=release --build=x86_64-linux-gnu --host=x86_64-linux-gnu --target=x86_64-linux-gnu
Thread model: posix
gcc version 4.8.4 (Ubuntu 4.8.4-2ubuntu1~14.04.3) 
configure:11864: $? = 0
configure:11853: gcc -V >&5
gcc: error: unrecognized command line option '-V'
gcc: fatal error: no input files
compilation terminated.
configure:11864: $? = 4
configure:11853: gcc -qversion >&5
gcc: error: unrecognized command line option '-qversion'
gcc: fatal error: no input files
compilation terminated.
configure:11864: $? = 4
configure:11868: checking whether we are using the GNU C compiler
configure:11896: result: yes
configure:11905: checking whether gcc accepts -g
configure:11966: result: yes
configure:11983: checking for gcc option to accept ISO C89
configure:12059: result: none needed
configure:12081: checking dependency style of gcc
configure:12191: result: gcc3
configure:12207: checking whether gcc and cc understand -c and -o together
configure:12238: gcc -c conftest.c -o conftest2.o >&5
configure:12242: $? = 0
configure:12248: gcc -c conftest.c -o conftest2.o >&5
configure:12252: $? = 0
configure:12263: cc -c conftest.c >&5
configure:12267: $? = 0
configure:12275: cc -c conftest.c -o conftest2.o >&5
configure:12279: $? = 0
configure:12285: cc -c conftest.c -o conftest2.o >&5
configure:12289: $? = 0
configure:12307: result: yes
configure:12390: checking for g++
configure:12406: found /usr/bin/g++
configure:12417: result: g++
configure:12444: checking for C++ compiler version
configure:12453: g++ --version >&5
g++ (Ubuntu 4.8.4-2ubuntu1~14.04.3) 4.8.4
Copyright (C) 2013 Free Software Foundation, Inc.
This is free software; see the source for copying conditions.  There is NO
warranty; not even for MERCHANTABILITY or FITNESS FOR A PARTICULAR PURPOSE.

configure:12464: $? = 0
configure:12453: g++ -v >&5
Using built-in specs.
COLLECT_GCC=g++
COLLECT_LTO_WRAPPER=/usr/lib/gcc/x86_64-linux-gnu/4.8/lto-wrapper
Target: x86_64-linux-gnu
Configured with: ../src/configure -v --with-pkgversion='Ubuntu 4.8.4-2ubuntu1~14.04.3' --with-bugurl=file:///usr/share/doc/gcc-4.8/README.Bugs --enable-languages=c,c++,java,go,d,fortran,objc,obj-c++ --prefix=/usr --program-suffix=-4.8 --enable-shared --enable-linker-build-id --libexecdir=/usr/lib --without-included-gettext --enable-threads=posix --with-gxx-include-dir=/usr/include/c++/4.8 --libdir=/usr/lib --enable-nls --with-sysroot=/ --enable-clocale=gnu --enable-libstdcxx-debug --enable-libstdcxx-time=yes --enable-gnu-unique-object --disable-libmudflap --enable-plugin --with-system-zlib --disable-browser-plugin --enable-java-awt=gtk --enable-gtk-cairo --with-java-home=/usr/lib/jvm/java-1.5.0-gcj-4.8-amd64/jre --enable-java-home --with-jvm-root-dir=/usr/lib/jvm/java-1.5.0-gcj-4.8-amd64 --with-jvm-jar-dir=/usr/lib/jvm-exports/java-1.5.0-gcj-4.8-amd64 --with-arch-directory=amd64 --with-ecj-jar=/usr/share/java/eclipse-ecj.jar --enable-objc-gc --enable-multiarch --disable-werror --with-arch-32=i686 --with-abi=m64 --with-multilib-list=m32,m64,mx32 --with-tune=generic --enable-checking=release --build=x86_64-linux-gnu --host=x86_64-linux-gnu --target=x86_64-linux-gnu
Thread model: posix
gcc version 4.8.4 (Ubuntu 4.8.4-2ubuntu1~14.04.3) 
configure:12464: $? = 0
configure:12453: g++ -V >&5
g++: error: unrecognized command line option '-V'
g++: fatal error: no input files
compilation terminated.
configure:12464: $? = 4
configure:12453: g++ -qversion >&5
g++: error: unrecognized command line option '-qversion'
g++: fatal error: no input files
compilation terminated.
configure:12464: $? = 4
configure:12468: checking whether we are using the GNU C++ compiler
configure:12487: g++ -c   conftest.cpp >&5
configure:12487: $? = 0
configure:12496: result: yes
configure:12505: checking whether g++ accepts -g
configure:12525: g++ -c -g  conftest.cpp >&5
configure:12525: $? = 0
configure:12566: result: yes
configure:12591: checking dependency style of g++
configure:12701: result: gcc3
configure:12734: checking how to run the C++ preprocessor
configure:12761: g++ -E  conftest.cpp
configure:12761: $? = 0
configure:12775: g++ -E  conftest.cpp
conftest.cpp:29:28: fatal error: ac_nonexistent.h: No such file or directory
 #include <ac_nonexistent.h>
                            ^
compilation terminated.
configure:12775: $? = 1
configure: failed program was:
| /* confdefs.h */
| #define PACKAGE_NAME "libconfig"
| #define PACKAGE_TARNAME "libconfig"
| #define PACKAGE_VERSION "1.4.9"
| #define PACKAGE_STRING "libconfig 1.4.9"
| #define PACKAGE_BUGREPORT "hyperrealm@gmail.com"
| #define PACKAGE_URL "http://www.hyperrealm.com/main.php?s=libconfig"
| #define PACKAGE "libconfig"
| #define VERSION "1.4.9"
| #define TARGET "x86_64-unknown-linux-gnu"
| #define STDC_HEADERS 1
| #define HAVE_SYS_TYPES_H 1
| #define HAVE_SYS_STAT_H 1
| #define HAVE_STDLIB_H 1
| #define HAVE_STRING_H 1
| #define HAVE_MEMORY_H 1
| #define HAVE_STRINGS_H 1
| #define HAVE_INTTYPES_H 1
| #define HAVE_STDINT_H 1
| #define HAVE_UNISTD_H 1
| #define __EXTENSIONS__ 1
| #define _ALL_SOURCE 1
| #define _GNU_SOURCE 1
| #define _POSIX_PTHREAD_SEMANTICS 1
| #define _TANDEM_SOURCE 1
| #define HAVE_DLFCN_H 1
| #define LT_OBJDIR ".libs/"
| /* end confdefs.h.  */
| #include <ac_nonexistent.h>
configure:12800: result: g++ -E
configure:12820: g++ -E  conftest.cpp
configure:12820: $? = 0
configure:12834: g++ -E  conftest.cpp
conftest.cpp:29:28: fatal error: ac_nonexistent.h: No such file or directory
 #include <ac_nonexistent.h>
                            ^
compilation terminated.
configure:12834: $? = 1
configure: failed program was:
| /* confdefs.h */
| #define PACKAGE_NAME "libconfig"
| #define PACKAGE_TARNAME "libconfig"
| #define PACKAGE_VERSION "1.4.9"
| #define PACKAGE_STRING "libconfig 1.4.9"
| #define PACKAGE_BUGREPORT "hyperrealm@gmail.com"
| #define PACKAGE_URL "http://www.hyperrealm.com/main.php?s=libconfig"
| #define PACKAGE "libconfig"
| #define VERSION "1.4.9"
| #define TARGET "x86_64-unknown-linux-gnu"
| #define STDC_HEADERS 1
| #define HAVE_SYS_TYPES_H 1
| #define HAVE_SYS_STAT_H 1
| #define HAVE_STDLIB_H 1
| #define HAVE_STRING_H 1
| #define HAVE_MEMORY_H 1
| #define HAVE_STRINGS_H 1
| #define HAVE_INTTYPES_H 1
| #define HAVE_STDINT_H 1
| #define HAVE_UNISTD_H 1
| #define __EXTENSIONS__ 1
| #define _ALL_SOURCE 1
| #define _GNU_SOURCE 1
| #define _POSIX_PTHREAD_SEMANTICS 1
| #define _TANDEM_SOURCE 1
| #define HAVE_DLFCN_H 1
| #define LT_OBJDIR ".libs/"
| /* end confdefs.h.  */
| #include <ac_nonexistent.h>
configure:13003: checking for ld used by g++
configure:13070: result: /usr/bin/ld -m elf_x86_64
configure:13077: checking if the linker (/usr/bin/ld -m elf_x86_64) is GNU ld
configure:13092: result: yes
configure:13147: checking whether the g++ linker (/usr/bin/ld -m elf_x86_64) supports shared libraries
configure:14152: result: yes
configure:14188: g++ -c -g -O2  conftest.cpp >&5
configure:14191: $? = 0
configure:14711: checking for g++ option to produce PIC
configure:14718: result: -fPIC -DPIC
configure:14726: checking if g++ PIC flag -fPIC -DPIC works
configure:14744: g++ -c -g -O2  -fPIC -DPIC -DPIC conftest.cpp >&5
configure:14748: $? = 0
configure:14761: result: yes
configure:14784: checking if g++ static flag -static works
configure:14812: result: yes
configure:14824: checking if g++ supports -c -o file.o
configure:14845: g++ -c -g -O2  -o out/conftest2.o conftest.cpp >&5
configure:14849: $? = 0
configure:14871: result: yes
configure:14876: checking if g++ supports -c -o file.o
configure:14923: result: yes
configure:14953: checking whether the g++ linker (/usr/bin/ld -m elf_x86_64) supports shared libraries
configure:14989: result: yes
configure:15130: checking dynamic linker characteristics
configure:15797: result: GNU/Linux ld.so
configure:15850: checking how to hardcode library paths into programs
configure:15875: result: immediate
configure:16218: checking for flex
configure:16248: result: no
configure:16218: checking for lex
configure:16248: result: no
configure:16390: checking for bison
configure:16420: result: no
configure:16390: checking for byacc
configure:16420: result: no
configure:16439: checking for compiler switch to enable full C/C++ warnings
configure:16457: result: -Wall -Wshadow -Wextra -Wdeclaration-after-statement -Wno-unused-parameter, -Wall -Wshadow -Wextra -Wno-unused-parameter
configure:16465: checking for ANSI C header files
configure:16569: result: yes
configure:16580: checking for unistd.h
configure:16580: result: yes
configure:16580: checking for stdint.h
configure:16580: result: yes
configure:16580: checking xlocale.h usability
configure:16580: gcc -c -g -O2 -Wall -Wshadow -Wextra -Wdeclaration-after-statement -Wno-unused-parameter  conftest.c >&5
configure:16580: $? = 0
configure:16580: result: yes
configure:16580: checking xlocale.h presence
configure:16580: gcc -E  conftest.c
configure:16580: $? = 0
configure:16580: result: yes
configure:16580: checking for xlocale.h
configure:16580: result: yes
configure:16591: checking for an ANSI C-conforming const
configure:16657: gcc -c -g -O2 -Wall -Wshadow -Wextra -Wdeclaration-after-statement -Wno-unused-parameter  conftest.c >&5
configure:16657: $? = 0
configure:16664: result: yes
configure:16677: checking for newlocale
configure:16677: gcc -o conftest -g -O2 -Wall -Wshadow -Wextra -Wdeclaration-after-statement -Wno-unused-parameter   conftest.c  >&5
configure:16677: $? = 0
configure:16677: result: yes
configure:16677: checking for uselocale
configure:16677: gcc -o conftest -g -O2 -Wall -Wshadow -Wextra -Wdeclaration-after-statement -Wno-unused-parameter   conftest.c  >&5
configure:16677: $? = 0
configure:16677: result: yes
configure:16677: checking for freelocale
configure:16677: gcc -o conftest -g -O2 -Wall -Wshadow -Wextra -Wdeclaration-after-statement -Wno-unused-parameter   conftest.c  >&5
configure:16677: $? = 0
configure:16677: result: yes
configure:16900: creating ./config.status

## ---------------------- ##
## Running config.status. ##
## ---------------------- ##

This file was extended by libconfig config.status 1.4.9, which was
generated by GNU Autoconf 2.69.  Invocation command line was

  CONFIG_FILES    = 
  CONFIG_HEADERS  = 
  CONFIG_LINKS    = 
  CONFIG_COMMANDS = 
  $ ./config.status 

on ofdm-reference-test

config.status:1179: creating Makefile
config.status:1179: creating lib/Makefile
config.status:1179: creating lib/libconfig.pc
config.status:1179: creating lib/libconfig++.pc
config.status:1179: creating doc/Makefile
config.status:1179: creating examples/Makefile
config.status:1179: creating examples/c/Makefile
config.status:1179: creating examples/c++/Makefile
config.status:1179: creating tinytest/Makefile
config.status:1179: creating tests/Makefile
config.status:1179: creating libconfig.spec
config.status:1179: creating ac_config.h
config.status:1360: ac_config.h is unchanged
config.status:1408: executing depfiles commands
config.status:1408: executing libtool commands

## ---------------- ##
## Cache variables. ##
## ---------------- ##

ac_cv_build=x86_64-unknown-linux-gnu
ac_cv_c_compiler_gnu=yes
ac_cv_c_const=yes
ac_cv_cxx_compiler_gnu=yes
ac_cv_env_CCC_set=
ac_cv_env_CCC_value=
ac_cv_env_CC_set=
ac_cv_env_CC_value=
ac_cv_env_CFLAGS_set=
ac_cv_env_CFLAGS_value=
ac_cv_env_CPPFLAGS_set=
ac_cv_env_CPPFLAGS_value=
ac_cv_env_CPP_set=
ac_cv_env_CPP_value=
ac_cv_env_CXXCPP_set=
ac_cv_env_CXXCPP_value=
ac_cv_env_CXXFLAGS_set=
ac_cv_env_CXXFLAGS_value=
ac_cv_env_CXX_set=
ac_cv_env_CXX_value=
ac_cv_env_LDFLAGS_set=
ac_cv_env_LDFLAGS_value=
ac_cv_env_LIBS_set=
ac_cv_env_LIBS_value=
ac_cv_env_YACC_set=
ac_cv_env_YACC_value=
ac_cv_env_YFLAGS_set=
ac_cv_env_YFLAGS_value=
ac_cv_env_build_alias_set=
ac_cv_env_build_alias_value=
ac_cv_env_host_alias_set=
ac_cv_env_host_alias_value=
ac_cv_env_target_alias_set=
ac_cv_env_target_alias_value=
ac_cv_func_freelocale=yes
ac_cv_func_newlocale=yes
ac_cv_func_uselocale=yes
ac_cv_header_dlfcn_h=yes
ac_cv_header_inttypes_h=yes
ac_cv_header_memory_h=yes
ac_cv_header_minix_config_h=no
ac_cv_header_stdc=yes
ac_cv_header_stdint_h=yes
ac_cv_header_stdlib_h=yes
ac_cv_header_string_h=yes
ac_cv_header_strings_h=yes
ac_cv_header_sys_stat_h=yes
ac_cv_header_sys_types_h=yes
ac_cv_header_unistd_h=yes
ac_cv_header_xlocale_h=yes
ac_cv_host=x86_64-unknown-linux-gnu
ac_cv_objext=o
ac_cv_path_EGREP='/bin/grep -E'
ac_cv_path_FGREP='/bin/grep -F'
ac_cv_path_GREP=/bin/grep
ac_cv_path_SED=/bin/sed
ac_cv_path_install='/usr/bin/install -c'
ac_cv_path_mkdir=/bin/mkdir
ac_cv_prog_AWK=gawk
ac_cv_prog_CPP='gcc -E'
ac_cv_prog_CXXCPP='g++ -E'
ac_cv_prog_ac_ct_AR=ar
ac_cv_prog_ac_ct_CC=gcc
ac_cv_prog_ac_ct_CXX=g++
ac_cv_prog_ac_ct_MANIFEST_TOOL=mt
ac_cv_prog_ac_ct_OBJDUMP=objdump
ac_cv_prog_ac_ct_RANLIB=ranlib
ac_cv_prog_ac_ct_STRIP=strip
ac_cv_prog_cc_c89=
ac_cv_prog_cc_g=yes
ac_cv_prog_cc_gcc_c_o=yes
ac_cv_prog_cxx_g=yes
ac_cv_prog_make_make_set=yes
ac_cv_safe_to_define___extensions__=yes
ac_cv_target=x86_64-unknown-linux-gnu
am_cv_CC_dependencies_compiler_type=gcc3
am_cv_CXX_dependencies_compiler_type=gcc3
lt_cv_ar_at_file=@
lt_cv_archive_cmds_need_lc=no
lt_cv_deplibs_check_method=pass_all
lt_cv_file_magic_cmd='$MAGIC_CMD'
lt_cv_file_magic_test_file=
lt_cv_ld_reload_flag=-r
lt_cv_nm_interface='BSD nm'
lt_cv_objdir=.libs
lt_cv_path_LD=/usr/bin/ld
lt_cv_path_LDCXX='/usr/bin/ld -m elf_x86_64'
lt_cv_path_NM='/usr/bin/nm -B'
lt_cv_path_mainfest_tool=no
lt_cv_prog_compiler_c_o=yes
lt_cv_prog_compiler_c_o_CXX=yes
lt_cv_prog_compiler_pic='-fPIC -DPIC'
lt_cv_prog_compiler_pic_CXX='-fPIC -DPIC'
lt_cv_prog_compiler_pic_works=yes
lt_cv_prog_compiler_pic_works_CXX=yes
lt_cv_prog_compiler_rtti_exceptions=no
lt_cv_prog_compiler_static_works=yes
lt_cv_prog_compiler_static_works_CXX=yes
lt_cv_prog_gnu_ld=yes
lt_cv_prog_gnu_ldcxx=yes
lt_cv_sharedlib_from_linklib_cmd='printf %s\n'
lt_cv_shlibpath_overrides_runpath=no
lt_cv_sys_global_symbol_pipe='sed -n -e '\''s/^.*[	 ]\([ABCDGIRSTW][ABCDGIRSTW]*\)[	 ][	 ]*\([_A-Za-z][_A-Za-z0-9]*\)$/\1 \2 \2/p'\'' | sed '\''/ __gnu_lto/d'\'''
lt_cv_sys_global_symbol_to_c_name_address='sed -n -e '\''s/^: \([^ ]*\)[ ]*$/  {\"\1\", (void *) 0},/p'\'' -e '\''s/^[ABCDGIRSTW]* \([^ ]*\) \([^ ]*\)$/  {"\2", (void *) \&\2},/p'\'''
lt_cv_sys_global_symbol_to_c_name_address_lib_prefix='sed -n -e '\''s/^: \([^ ]*\)[ ]*$/  {\"\1\", (void *) 0},/p'\'' -e '\''s/^[ABCDGIRSTW]* \([^ ]*\) \(lib[^ ]*\)$/  {"\2", (void *) \&\2},/p'\'' -e '\''s/^[ABCDGIRSTW]* \([^ ]*\) \([^ ]*\)$/  {"lib\2", (void *) \&\2},/p'\'''
lt_cv_sys_global_symbol_to_cdecl='sed -n -e '\''s/^T .* \(.*\)$/extern int \1();/p'\'' -e '\''s/^[ABCDGIRSTW]* .* \(.*\)$/extern char \1;/p'\'''
lt_cv_sys_max_cmd_len=1572864
lt_cv_to_host_file_cmd=func_convert_file_noop
lt_cv_to_tool_file_cmd=func_convert_file_noop

## ----------------- ##
## Output variables. ##
## ----------------- ##

ACLOCAL='${SHELL} /root/ofdm_reference/dependencies/libconfig/aux-build/missing --run aclocal-1.11'
AMDEPBACKSLASH='\'
AMDEP_FALSE='#'
AMDEP_TRUE=''
AMTAR='${SHELL} /root/ofdm_reference/dependencies/libconfig/aux-build/missing --run tar'
AR='ar'
AS='as'
AUTOCONF='${SHELL} /root/ofdm_reference/dependencies/libconfig/aux-build/missing --run autoconf'
AUTOHEADER='${SHELL} /root/ofdm_reference/dependencies/libconfig/aux-build/missing --run autoheader'
AUTOMAKE='${SHELL} /root/ofdm_reference/dependencies/libconfig/aux-build/missing --run automake-1.11'
AWK='gawk'
BUILDCXX_FALSE='#'
BUILDCXX_TRUE=''
BUILDEXAMPLES_FALSE='#'
BUILDEXAMPLES_TRUE=''
CC='gcc'
CCDEPMODE='depmode=gcc3'
CFLAGS='-g -O2 -Wall -Wshadow -Wextra -Wdeclaration-after-statement -Wno-unused-parameter'
CPP='gcc -E'
CPPFLAGS=''
CXX='g++'
CXXCPP='g++ -E'
CXXDEPMODE='depmode=gcc3'
CXXFLAGS='-g -O2 -Wall -Wshadow -Wextra -Wno-unused-parameter'
CYGPATH_W='echo'
DEFS='-DHAVE_CONFIG_H'
DEPDIR='.deps'
DLLTOOL='false'
DSYMUTIL=''
DUMPBIN=''
ECHO_C=''
ECHO_N='-n'
ECHO_T=''
EGREP='/bin/grep -E'
EXEEXT=''
FGREP='/bin/grep -F'
GNU_WIN_FALSE=''
GNU_WIN_TRUE='#'
GREP='/bin/grep'
INSTALL_DATA='${INSTALL} -m 644'
INSTALL_PROGRAM='${INSTALL}'
INSTALL_SCRIPT='${INSTALL}'
INSTALL_STRIP_PROGRAM='$(install_sh) -c -s'
LD='/usr/bin/ld -m elf_x86_64'
LDFLAGS=''
LEX='${SHELL} /root/ofdm_reference/dependencies/libconfig/aux-build/missing --run flex'
LEXLIB=''
LEX_OUTPUT_ROOT=''
LIBOBJS=''
LIBS=''
LIBTOOL='$(SHELL) $(top_builddir)/libtool'
LIPO=''
LN_S='ln -s'
LTLIBOBJS=''
MAKEINFO='${SHELL} /root/ofdm_reference/dependencies/libconfig/aux-build/missing --run makeinfo'
MANIFEST_TOOL=':'
MKDIR_P='/bin/mkdir -p'
NM='/usr/bin/nm -B'
NMEDIT=''
OBJDUMP='objdump'
OBJEXT='o'
OTOOL64=''
OTOOL=''
PACKAGE='libconfig'
PACKAGE_BUGREPORT='hyperrealm@gmail.com'
PACKAGE_NAME='libconfig'
PACKAGE_STRING='libconfig 1.4.9'
PACKAGE_TARNAME='libconfig'
PACKAGE_URL='http://www.hyperrealm.com/main.php?s=libconfig'
PACKAGE_VERSION='1.4.9'
PATH_SEPARATOR=':'
RANLIB='ranlib'
SED='/bin/sed'
SET_MAKE=''
SHELL='/bin/bash'
STRIP='strip'
VERSION='1.4.9'
YACC='yacc'
YFLAGS=''
ac_ct_AR='ar'
ac_ct_CC='gcc'
ac_ct_CXX='g++'
ac_ct_DUMPBIN=''
am__EXEEXT_FALSE=''
am__EXEEXT_TRUE='#'
am__fastdepCC_FALSE='#'
am__fastdepCC_TRUE=''
am__fastdepCXX_FALSE='#'
am__fastdepCXX_TRUE=''
am__include='include'
am__isrc=''
am__leading_dot='.'
am__quote=''
am__tar='${AMTAR} chof - "$$tardir"'
am__untar='${AMTAR} xf -'
bindir='${exec_prefix}/bin'
build='x86_64-unknown-linux-gnu'
build_alias=''
build_cpu='x86_64'
build_os='linux-gnu'
build_vendor='unknown'
datadir='${datarootdir}'
datarootdir='${prefix}/share'
docdir='${datarootdir}/doc/${PACKAGE_TARNAME}'
dvidir='${docdir}'
exec_prefix='${prefix}'
host='x86_64-unknown-linux-gnu'
host_alias=''
host_cpu='x86_64'
host_os='linux-gnu'
host_vendor='unknown'
htmldir='${docdir}'
includedir='${prefix}/include'
infodir='${datarootdir}/info'
install_sh='${SHELL} /root/ofdm_reference/dependencies/libconfig/aux-build/install-sh'
libdir='${exec_prefix}/lib'
libexecdir='${exec_prefix}/libexec'
localedir='${datarootdir}/locale'
localstatedir='${prefix}/var'
mandir='${datarootdir}/man'
mkdir_p='/bin/mkdir -p'
oldincludedir='/usr/include'
pdfdir='${docdir}'
prefix='/usr/local'
program_transform_name='s,x,x,'
psdir='${docdir}'
sbindir='${exec_prefix}/sbin'
sharedstatedir='${prefix}/com'
sysconfdir='${prefix}/etc'
target='x86_64-unknown-linux-gnu'
target_alias=''
target_cpu='x86_64'
target_os='linux-gnu'
target_vendor='unknown'

## ----------- ##
## confdefs.h. ##
## ----------- ##

/* confdefs.h */
#define PACKAGE_NAME "libconfig"
#define PACKAGE_TARNAME "libconfig"
#define PACKAGE_VERSION "1.4.9"
#define PACKAGE_STRING "libconfig 1.4.9"
#define PACKAGE_BUGREPORT "hyperrealm@gmail.com"
#define PACKAGE_URL "http://www.hyperrealm.com/main.php?s=libconfig"
#define PACKAGE "libconfig"
#define VERSION "1.4.9"
#define TARGET "x86_64-unknown-linux-gnu"
#define STDC_HEADERS 1
#define HAVE_SYS_TYPES_H 1
#define HAVE_SYS_STAT_H 1
#define HAVE_STDLIB_H 1
#define HAVE_STRING_H 1
#define HAVE_MEMORY_H 1
#define HAVE_STRINGS_H 1
#define HAVE_INTTYPES_H 1
#define HAVE_STDINT_H 1
#define HAVE_UNISTD_H 1
#define __EXTENSIONS__ 1
#define _ALL_SOURCE 1
#define _GNU_SOURCE 1
#define _POSIX_PTHREAD_SEMANTICS 1
#define _TANDEM_SOURCE 1
#define HAVE_DLFCN_H 1
#define LT_OBJDIR ".libs/"
#define STDC_HEADERS 1
#define HAVE_UNISTD_H 1
#define HAVE_STDINT_H 1
#define HAVE_XLOCALE_H 1
#define HAVE_NEWLOCALE 1
#define HAVE_USELOCALE 1
#define HAVE_FREELOCALE 1

configure: exit 0

## ---------------------- ##
## Running config.status. ##
## ---------------------- ##

This file was extended by libconfig config.status 1.4.9, which was
generated by GNU Autoconf 2.69.  Invocation command line was

  CONFIG_FILES    = 
  CONFIG_HEADERS  = 
  CONFIG_LINKS    = 
  CONFIG_COMMANDS = 
  $ ./config.status ac_config.h

on ofdm-reference-test

config.status:1179: creating ac_config.h
config.status:1360: ac_config.h is unchanged
