This file contains any messages produced by compilers while
running configure, to aid debugging if configure makes a mistake.

It was created by liquid-usrp configure 0.1.0, which was
generated by GNU Autoconf 2.68.  Invocation command line was

  $ ./configure 

## --------- ##
## Platform. ##
## --------- ##

hostname = ofdm-reference-test
uname -m = x86_64
uname -r = 4.4.0-64-generic
uname -s = Linux
uname -v = #85~14.04.1-Ubuntu SMP Mon Feb 20 12:10:54 UTC 2017

/usr/bin/uname -p = unknown
/bin/uname -X     = unknown

/bin/arch              = unknown
/usr/bin/arch -k       = unknown
/usr/convex/getsysinfo = unknown
/usr/bin/hostinfo      = unknown
/bin/machine           = unknown
/usr/bin/oslevel       = unknown
/bin/universe          = unknown

PATH: /usr/local/sbin
PATH: /usr/local/bin
PATH: /usr/sbin
PATH: /usr/bin
PATH: /sbin
PATH: /bin


## ----------- ##
## Core tests. ##
## ----------- ##

configure:2642: checking for gcc
configure:2658: found /usr/bin/gcc
configure:2669: result: gcc
configure:2898: checking for C compiler version
configure:2907: gcc --version >&5
gcc (Ubuntu 4.8.4-2ubuntu1~14.04.3) 4.8.4
Copyright (C) 2013 Free Software Foundation, Inc.
This is free software; see the source for copying conditions.  There is NO
warranty; not even for MERCHANTABILITY or FITNESS FOR A PARTICULAR PURPOSE.

configure:2918: $? = 0
configure:2907: gcc -v >&5
Using built-in specs.
COLLECT_GCC=gcc
COLLECT_LTO_WRAPPER=/usr/lib/gcc/x86_64-linux-gnu/4.8/lto-wrapper
Target: x86_64-linux-gnu
Configured with: ../src/configure -v --with-pkgversion='Ubuntu 4.8.4-2ubuntu1~14.04.3' --with-bugurl=file:///usr/share/doc/gcc-4.8/README.Bugs --enable-languages=c,c++,java,go,d,fortran,objc,obj-c++ --prefix=/usr --program-suffix=-4.8 --enable-shared --enable-linker-build-id --libexecdir=/usr/lib --without-included-gettext --enable-threads=posix --with-gxx-include-dir=/usr/include/c++/4.8 --libdir=/usr/lib --enable-nls --with-sysroot=/ --enable-clocale=gnu --enable-libstdcxx-debug --enable-libstdcxx-time=yes --enable-gnu-unique-object --disable-libmudflap --enable-plugin --with-system-zlib --disable-browser-plugin --enable-java-awt=gtk --enable-gtk-cairo --with-java-home=/usr/lib/jvm/java-1.5.0-gcj-4.8-amd64/jre --enable-java-home --with-jvm-root-dir=/usr/lib/jvm/java-1.5.0-gcj-4.8-amd64 --with-jvm-jar-dir=/usr/lib/jvm-exports/java-1.5.0-gcj-4.8-amd64 --with-arch-directory=amd64 --with-ecj-jar=/usr/share/java/eclipse-ecj.jar --enable-objc-gc --enable-multiarch --disable-werror --with-arch-32=i686 --with-abi=m64 --with-multilib-list=m32,m64,mx32 --with-tune=generic --enable-checking=release --build=x86_64-linux-gnu --host=x86_64-linux-gnu --target=x86_64-linux-gnu
Thread model: posix
gcc version 4.8.4 (Ubuntu 4.8.4-2ubuntu1~14.04.3) 
configure:2918: $? = 0
configure:2907: gcc -V >&5
gcc: error: unrecognized command line option '-V'
gcc: fatal error: no input files
compilation terminated.
configure:2918: $? = 4
configure:2907: gcc -qversion >&5
gcc: error: unrecognized command line option '-qversion'
gcc: fatal error: no input files
compilation terminated.
configure:2918: $? = 4
configure:2938: checking whether the C compiler works
configure:2960: gcc    conftest.c  >&5
configure:2964: $? = 0
configure:3012: result: yes
configure:3015: checking for C compiler default output file name
configure:3017: result: a.out
configure:3023: checking for suffix of executables
configure:3030: gcc -o conftest    conftest.c  >&5
configure:3034: $? = 0
configure:3056: result: 
configure:3078: checking whether we are cross compiling
configure:3086: gcc -o conftest    conftest.c  >&5
configure:3090: $? = 0
configure:3097: ./conftest
configure:3101: $? = 0
configure:3116: result: no
configure:3121: checking for suffix of object files
configure:3143: gcc -c   conftest.c >&5
configure:3147: $? = 0
configure:3168: result: o
configure:3172: checking whether we are using the GNU C compiler
configure:3191: gcc -c   conftest.c >&5
configure:3191: $? = 0
configure:3200: result: yes
configure:3209: checking whether gcc accepts -g
configure:3229: gcc -c -g  conftest.c >&5
configure:3229: $? = 0
configure:3270: result: yes
configure:3287: checking for gcc option to accept ISO C89
configure:3351: gcc  -c -g -O2  conftest.c >&5
configure:3351: $? = 0
configure:3364: result: none needed
configure:3442: checking for g++
configure:3458: found /usr/bin/g++
configure:3469: result: g++
configure:3496: checking for C++ compiler version
configure:3505: g++ --version >&5
g++ (Ubuntu 4.8.4-2ubuntu1~14.04.3) 4.8.4
Copyright (C) 2013 Free Software Foundation, Inc.
This is free software; see the source for copying conditions.  There is NO
warranty; not even for MERCHANTABILITY or FITNESS FOR A PARTICULAR PURPOSE.

configure:3516: $? = 0
configure:3505: g++ -v >&5
Using built-in specs.
COLLECT_GCC=g++
COLLECT_LTO_WRAPPER=/usr/lib/gcc/x86_64-linux-gnu/4.8/lto-wrapper
Target: x86_64-linux-gnu
Configured with: ../src/configure -v --with-pkgversion='Ubuntu 4.8.4-2ubuntu1~14.04.3' --with-bugurl=file:///usr/share/doc/gcc-4.8/README.Bugs --enable-languages=c,c++,java,go,d,fortran,objc,obj-c++ --prefix=/usr --program-suffix=-4.8 --enable-shared --enable-linker-build-id --libexecdir=/usr/lib --without-included-gettext --enable-threads=posix --with-gxx-include-dir=/usr/include/c++/4.8 --libdir=/usr/lib --enable-nls --with-sysroot=/ --enable-clocale=gnu --enable-libstdcxx-debug --enable-libstdcxx-time=yes --enable-gnu-unique-object --disable-libmudflap --enable-plugin --with-system-zlib --disable-browser-plugin --enable-java-awt=gtk --enable-gtk-cairo --with-java-home=/usr/lib/jvm/java-1.5.0-gcj-4.8-amd64/jre --enable-java-home --with-jvm-root-dir=/usr/lib/jvm/java-1.5.0-gcj-4.8-amd64 --with-jvm-jar-dir=/usr/lib/jvm-exports/java-1.5.0-gcj-4.8-amd64 --with-arch-directory=amd64 --with-ecj-jar=/usr/share/java/eclipse-ecj.jar --enable-objc-gc --enable-multiarch --disable-werror --with-arch-32=i686 --with-abi=m64 --with-multilib-list=m32,m64,mx32 --with-tune=generic --enable-checking=release --build=x86_64-linux-gnu --host=x86_64-linux-gnu --target=x86_64-linux-gnu
Thread model: posix
gcc version 4.8.4 (Ubuntu 4.8.4-2ubuntu1~14.04.3) 
configure:3516: $? = 0
configure:3505: g++ -V >&5
g++: error: unrecognized command line option '-V'
g++: fatal error: no input files
compilation terminated.
configure:3516: $? = 4
configure:3505: g++ -qversion >&5
g++: error: unrecognized command line option '-qversion'
g++: fatal error: no input files
compilation terminated.
configure:3516: $? = 4
configure:3520: checking whether we are using the GNU C++ compiler
configure:3539: g++ -c   conftest.cpp >&5
configure:3539: $? = 0
configure:3548: result: yes
configure:3557: checking whether g++ accepts -g
configure:3577: g++ -c -g  conftest.cpp >&5
configure:3577: $? = 0
configure:3618: result: yes
configure:3655: checking for a BSD-compatible install
configure:3723: result: /usr/bin/install -c
configure:3777: checking for ranlib
configure:3793: found /usr/bin/ranlib
configure:3804: result: ranlib
configure:3829: checking for error_at_line
configure:3845: gcc -o conftest -g -O2   conftest.c  >&5
configure:3845: $? = 0
configure:3853: result: yes
configure:3869: checking how to run the C preprocessor
configure:3900: gcc -E  conftest.c
configure:3900: $? = 0
configure:3914: gcc -E  conftest.c
conftest.c:9:28: fatal error: ac_nonexistent.h: No such file or directory
 #include <ac_nonexistent.h>
                            ^
compilation terminated.
configure:3914: $? = 1
configure: failed program was:
| /* confdefs.h */
| #define PACKAGE_NAME "liquid-usrp"
| #define PACKAGE_TARNAME "liquid-usrp"
| #define PACKAGE_VERSION "0.1.0"
| #define PACKAGE_STRING "liquid-usrp 0.1.0"
| #define PACKAGE_BUGREPORT "liquid@vt.edu"
| #define PACKAGE_URL ""
| /* end confdefs.h.  */
| #include <ac_nonexistent.h>
configure:3939: result: gcc -E
configure:3959: gcc -E  conftest.c
configure:3959: $? = 0
configure:3973: gcc -E  conftest.c
conftest.c:9:28: fatal error: ac_nonexistent.h: No such file or directory
 #include <ac_nonexistent.h>
                            ^
compilation terminated.
configure:3973: $? = 1
configure: failed program was:
| /* confdefs.h */
| #define PACKAGE_NAME "liquid-usrp"
| #define PACKAGE_TARNAME "liquid-usrp"
| #define PACKAGE_VERSION "0.1.0"
| #define PACKAGE_STRING "liquid-usrp 0.1.0"
| #define PACKAGE_BUGREPORT "liquid@vt.edu"
| #define PACKAGE_URL ""
| /* end confdefs.h.  */
| #include <ac_nonexistent.h>
configure:4002: checking for grep that handles long lines and -e
configure:4060: result: /bin/grep
configure:4065: checking for egrep
configure:4127: result: /bin/grep -E
configure:4132: checking for ANSI C header files
configure:4152: gcc -c -g -O2  conftest.c >&5
configure:4152: $? = 0
configure:4225: gcc -o conftest -g -O2   conftest.c  >&5
configure:4225: $? = 0
configure:4225: ./conftest
configure:4225: $? = 0
configure:4236: result: yes
configure:4249: checking for sys/types.h
configure:4249: gcc -c -g -O2  conftest.c >&5
configure:4249: $? = 0
configure:4249: result: yes
configure:4249: checking for sys/stat.h
configure:4249: gcc -c -g -O2  conftest.c >&5
configure:4249: $? = 0
configure:4249: result: yes
configure:4249: checking for stdlib.h
configure:4249: gcc -c -g -O2  conftest.c >&5
configure:4249: $? = 0
configure:4249: result: yes
configure:4249: checking for string.h
configure:4249: gcc -c -g -O2  conftest.c >&5
configure:4249: $? = 0
configure:4249: result: yes
configure:4249: checking for memory.h
configure:4249: gcc -c -g -O2  conftest.c >&5
configure:4249: $? = 0
configure:4249: result: yes
configure:4249: checking for strings.h
configure:4249: gcc -c -g -O2  conftest.c >&5
configure:4249: $? = 0
configure:4249: result: yes
configure:4249: checking for inttypes.h
configure:4249: gcc -c -g -O2  conftest.c >&5
configure:4249: $? = 0
configure:4249: result: yes
configure:4249: checking for stdint.h
configure:4249: gcc -c -g -O2  conftest.c >&5
configure:4249: $? = 0
configure:4249: result: yes
configure:4249: checking for unistd.h
configure:4249: gcc -c -g -O2  conftest.c >&5
configure:4249: $? = 0
configure:4249: result: yes
configure:4263: checking for stdlib.h
configure:4263: result: yes
configure:4273: checking for GNU libc compatible malloc
configure:4297: gcc -o conftest -g -O2   conftest.c  >&5
configure:4297: $? = 0
configure:4297: ./conftest
configure:4297: $? = 0
configure:4307: result: yes
configure:4330: checking for stdlib.h
configure:4330: result: yes
configure:4340: checking for GNU libc compatible realloc
configure:4364: gcc -o conftest -g -O2   conftest.c  >&5
configure:4364: $? = 0
configure:4364: ./conftest
configure:4364: $? = 0
configure:4374: result: yes
configure:4396: checking for main in -lc
configure:4415: gcc -o conftest -g -O2   conftest.c -lc   >&5
configure:4415: $? = 0
configure:4424: result: yes
configure:4437: checking for main in -lm
configure:4456: gcc -o conftest -g -O2   conftest.c -lm  -lc  >&5
configure:4456: $? = 0
configure:4465: result: yes
configure:4478: checking for liquid_libversion in -lliquid
configure:4503: gcc -o conftest -g -O2   conftest.c -lliquid  -lm -lc  >&5
configure:4503: $? = 0
configure:4512: result: yes
configure:4525: checking for main in -luhd
configure:4544: gcc -o conftest -g -O2   conftest.c -luhd  -lliquid -lm -lc  >&5
configure:4544: $? = 0
configure:4553: result: yes
configure:4568: checking for malloc
configure:4568: gcc -o conftest -g -O2   conftest.c -luhd -lliquid -lm -lc  >&5
conftest.c:50:6: warning: conflicting types for built-in function 'malloc' [enabled by default]
 char malloc ();
      ^
configure:4568: $? = 0
configure:4568: result: yes
configure:4575: checking for realloc
configure:4575: gcc -o conftest -g -O2   conftest.c -luhd -lliquid -lm -lc  >&5
conftest.c:50:6: warning: conflicting types for built-in function 'realloc' [enabled by default]
 char realloc ();
      ^
configure:4575: $? = 0
configure:4575: result: yes
configure:4582: checking for free
configure:4582: gcc -o conftest -g -O2   conftest.c -luhd -lliquid -lm -lc  >&5
conftest.c:50:6: warning: conflicting types for built-in function 'free' [enabled by default]
 char free ();
      ^
configure:4582: $? = 0
configure:4582: result: yes
configure:4589: checking for memset
configure:4589: gcc -o conftest -g -O2   conftest.c -luhd -lliquid -lm -lc  >&5
conftest.c:50:6: warning: conflicting types for built-in function 'memset' [enabled by default]
 char memset ();
      ^
configure:4589: $? = 0
configure:4589: result: yes
configure:4596: checking for memmove
configure:4596: gcc -o conftest -g -O2   conftest.c -luhd -lliquid -lm -lc  >&5
conftest.c:50:6: warning: conflicting types for built-in function 'memmove' [enabled by default]
 char memmove ();
      ^
configure:4596: $? = 0
configure:4596: result: yes
configure:4617: checking how to run the C++ preprocessor
configure:4644: g++ -E  conftest.cpp
configure:4644: $? = 0
configure:4658: g++ -E  conftest.cpp
conftest.cpp:27:28: fatal error: ac_nonexistent.h: No such file or directory
 #include <ac_nonexistent.h>
                            ^
compilation terminated.
configure:4658: $? = 1
configure: failed program was:
| /* confdefs.h */
| #define PACKAGE_NAME "liquid-usrp"
| #define PACKAGE_TARNAME "liquid-usrp"
| #define PACKAGE_VERSION "0.1.0"
| #define PACKAGE_STRING "liquid-usrp 0.1.0"
| #define PACKAGE_BUGREPORT "liquid@vt.edu"
| #define PACKAGE_URL ""
| #define STDC_HEADERS 1
| #define HAVE_SYS_TYPES_H 1
| #define HAVE_SYS_STAT_H 1
| #define HAVE_STDLIB_H 1
| #define HAVE_STRING_H 1
| #define HAVE_MEMORY_H 1
| #define HAVE_STRINGS_H 1
| #define HAVE_INTTYPES_H 1
| #define HAVE_STDINT_H 1
| #define HAVE_UNISTD_H 1
| #define HAVE_STDLIB_H 1
| #define HAVE_MALLOC 1
| #define HAVE_STDLIB_H 1
| #define HAVE_REALLOC 1
| #define HAVE_LIBC 1
| #define HAVE_LIBM 1
| #define HAVE_LIBLIQUID 1
| #define HAVE_LIBUHD 1
| /* end confdefs.h.  */
| #include <ac_nonexistent.h>
configure:4683: result: g++ -E
configure:4703: g++ -E  conftest.cpp
configure:4703: $? = 0
configure:4717: g++ -E  conftest.cpp
conftest.cpp:27:28: fatal error: ac_nonexistent.h: No such file or directory
 #include <ac_nonexistent.h>
                            ^
compilation terminated.
configure:4717: $? = 1
configure: failed program was:
| /* confdefs.h */
| #define PACKAGE_NAME "liquid-usrp"
| #define PACKAGE_TARNAME "liquid-usrp"
| #define PACKAGE_VERSION "0.1.0"
| #define PACKAGE_STRING "liquid-usrp 0.1.0"
| #define PACKAGE_BUGREPORT "liquid@vt.edu"
| #define PACKAGE_URL ""
| #define STDC_HEADERS 1
| #define HAVE_SYS_TYPES_H 1
| #define HAVE_SYS_STAT_H 1
| #define HAVE_STDLIB_H 1
| #define HAVE_STRING_H 1
| #define HAVE_MEMORY_H 1
| #define HAVE_STRINGS_H 1
| #define HAVE_INTTYPES_H 1
| #define HAVE_STDINT_H 1
| #define HAVE_UNISTD_H 1
| #define HAVE_STDLIB_H 1
| #define HAVE_MALLOC 1
| #define HAVE_STDLIB_H 1
| #define HAVE_REALLOC 1
| #define HAVE_LIBC 1
| #define HAVE_LIBM 1
| #define HAVE_LIBLIQUID 1
| #define HAVE_LIBUHD 1
| /* end confdefs.h.  */
| #include <ac_nonexistent.h>
configure:4748: checking uhd/usrp/multi_usrp.hpp usability
configure:4748: g++ -c -g -O2  conftest.cpp >&5
configure:4748: $? = 0
configure:4748: result: yes
configure:4748: checking uhd/usrp/multi_usrp.hpp presence
configure:4748: g++ -E  conftest.cpp
configure:4748: $? = 0
configure:4748: result: yes
configure:4748: checking for uhd/usrp/multi_usrp.hpp
configure:4748: result: yes
configure:4775: checking fec.h usability
configure:4775: gcc -c -g -O2  conftest.c >&5
configure:4775: $? = 0
configure:4775: result: yes
configure:4775: checking fec.h presence
configure:4775: gcc -E  conftest.c
configure:4775: $? = 0
configure:4775: result: yes
configure:4775: checking for fec.h
configure:4775: result: yes
configure:4775: checking fftw3.h usability
configure:4775: gcc -c -g -O2  conftest.c >&5
configure:4775: $? = 0
configure:4775: result: yes
configure:4775: checking fftw3.h presence
configure:4775: gcc -E  conftest.c
configure:4775: $? = 0
configure:4775: result: yes
configure:4775: checking for fftw3.h
configure:4775: result: yes
configure:4785: checking for fftwf_plan_dft_1d in -lfftw3f
configure:4810: gcc -o conftest -g -O2   conftest.c -lfftw3f  -luhd -lliquid -lm -lc  >&5
configure:4810: $? = 0
configure:4819: result: yes
configure:4833: checking for create_viterbi27 in -lfec
configure:4858: gcc -o conftest -g -O2   conftest.c -lfec  -lfftw3f -luhd -lliquid -lm -lc  >&5
configure:4858: $? = 0
configure:4867: result: yes
configure:4883: checking for stdbool.h that conforms to C99
configure:4950: gcc -c -g -O2  conftest.c >&5
configure:4950: $? = 0
configure:4957: result: yes
configure:4959: checking for _Bool
configure:4959: gcc -c -g -O2  conftest.c >&5
configure:4959: $? = 0
configure:4959: gcc -c -g -O2  conftest.c >&5
conftest.c: In function 'main':
conftest.c:68:20: error: expected expression before ')' token
 if (sizeof ((_Bool)))
                    ^
configure:4959: $? = 1
configure: failed program was:
| /* confdefs.h */
| #define PACKAGE_NAME "liquid-usrp"
| #define PACKAGE_TARNAME "liquid-usrp"
| #define PACKAGE_VERSION "0.1.0"
| #define PACKAGE_STRING "liquid-usrp 0.1.0"
| #define PACKAGE_BUGREPORT "liquid@vt.edu"
| #define PACKAGE_URL ""
| #define STDC_HEADERS 1
| #define HAVE_SYS_TYPES_H 1
| #define HAVE_SYS_STAT_H 1
| #define HAVE_STDLIB_H 1
| #define HAVE_STRING_H 1
| #define HAVE_MEMORY_H 1
| #define HAVE_STRINGS_H 1
| #define HAVE_INTTYPES_H 1
| #define HAVE_STDINT_H 1
| #define HAVE_UNISTD_H 1
| #define HAVE_STDLIB_H 1
| #define HAVE_MALLOC 1
| #define HAVE_STDLIB_H 1
| #define HAVE_REALLOC 1
| #define HAVE_LIBC 1
| #define HAVE_LIBM 1
| #define HAVE_LIBLIQUID 1
| #define HAVE_LIBUHD 1
| #define HAVE_UHD_USRP_MULTI_USRP_HPP 1
| #define HAVE_FEC_H 1
| #define HAVE_FFTW3_H 1
| #define HAVE_LIBFFTW3F 1
| #define HAVE_LIBFEC 1
| /* end confdefs.h.  */
| #include <stdio.h>
| #ifdef HAVE_SYS_TYPES_H
| # include <sys/types.h>
| #endif
| #ifdef HAVE_SYS_STAT_H
| # include <sys/stat.h>
| #endif
| #ifdef STDC_HEADERS
| # include <stdlib.h>
| # include <stddef.h>
| #else
| # ifdef HAVE_STDLIB_H
| #  include <stdlib.h>
| # endif
| #endif
| #ifdef HAVE_STRING_H
| # if !defined STDC_HEADERS && defined HAVE_MEMORY_H
| #  include <memory.h>
| # endif
| # include <string.h>
| #endif
| #ifdef HAVE_STRINGS_H
| # include <strings.h>
| #endif
| #ifdef HAVE_INTTYPES_H
| # include <inttypes.h>
| #endif
| #ifdef HAVE_STDINT_H
| # include <stdint.h>
| #endif
| #ifdef HAVE_UNISTD_H
| # include <unistd.h>
| #endif
| int
| main ()
| {
| if (sizeof ((_Bool)))
| 	    return 0;
|   ;
|   return 0;
| }
configure:4959: result: yes
configure:4975: checking for inline
configure:4991: gcc -c -g -O2  conftest.c >&5
configure:4991: $? = 0
configure:4999: result: inline
configure:5017: checking for size_t
configure:5017: gcc -c -g -O2  conftest.c >&5
configure:5017: $? = 0
configure:5017: gcc -c -g -O2  conftest.c >&5
conftest.c: In function 'main':
conftest.c:70:21: error: expected expression before ')' token
 if (sizeof ((size_t)))
                     ^
configure:5017: $? = 1
configure: failed program was:
| /* confdefs.h */
| #define PACKAGE_NAME "liquid-usrp"
| #define PACKAGE_TARNAME "liquid-usrp"
| #define PACKAGE_VERSION "0.1.0"
| #define PACKAGE_STRING "liquid-usrp 0.1.0"
| #define PACKAGE_BUGREPORT "liquid@vt.edu"
| #define PACKAGE_URL ""
| #define STDC_HEADERS 1
| #define HAVE_SYS_TYPES_H 1
| #define HAVE_SYS_STAT_H 1
| #define HAVE_STDLIB_H 1
| #define HAVE_STRING_H 1
| #define HAVE_MEMORY_H 1
| #define HAVE_STRINGS_H 1
| #define HAVE_INTTYPES_H 1
| #define HAVE_STDINT_H 1
| #define HAVE_UNISTD_H 1
| #define HAVE_STDLIB_H 1
| #define HAVE_MALLOC 1
| #define HAVE_STDLIB_H 1
| #define HAVE_REALLOC 1
| #define HAVE_LIBC 1
| #define HAVE_LIBM 1
| #define HAVE_LIBLIQUID 1
| #define HAVE_LIBUHD 1
| #define HAVE_UHD_USRP_MULTI_USRP_HPP 1
| #define HAVE_FEC_H 1
| #define HAVE_FFTW3_H 1
| #define HAVE_LIBFFTW3F 1
| #define HAVE_LIBFEC 1
| #define HAVE__BOOL 1
| #define HAVE_STDBOOL_H 1
| /* end confdefs.h.  */
| #include <stdio.h>
| #ifdef HAVE_SYS_TYPES_H
| # include <sys/types.h>
| #endif
| #ifdef HAVE_SYS_STAT_H
| # include <sys/stat.h>
| #endif
| #ifdef STDC_HEADERS
| # include <stdlib.h>
| # include <stddef.h>
| #else
| # ifdef HAVE_STDLIB_H
| #  include <stdlib.h>
| # endif
| #endif
| #ifdef HAVE_STRING_H
| # if !defined STDC_HEADERS && defined HAVE_MEMORY_H
| #  include <memory.h>
| # endif
| # include <string.h>
| #endif
| #ifdef HAVE_STRINGS_H
| # include <strings.h>
| #endif
| #ifdef HAVE_INTTYPES_H
| # include <inttypes.h>
| #endif
| #ifdef HAVE_STDINT_H
| # include <stdint.h>
| #endif
| #ifdef HAVE_UNISTD_H
| # include <unistd.h>
| #endif
| int
| main ()
| {
| if (sizeof ((size_t)))
| 	    return 0;
|   ;
|   return 0;
| }
configure:5017: result: yes
configure:5028: checking for uint32_t
configure:5028: gcc -c -g -O2  conftest.c >&5
configure:5028: $? = 0
configure:5028: result: yes
configure:5042: checking for uint8_t
configure:5042: gcc -c -g -O2  conftest.c >&5
configure:5042: $? = 0
configure:5042: result: yes
configure:5062: checking size of int
configure:5067: gcc -o conftest -g -O2   conftest.c -lfec -lfftw3f -luhd -lliquid -lm -lc  >&5
configure:5067: $? = 0
configure:5067: ./conftest
configure:5067: $? = 0
configure:5081: result: 4
configure:5095: checking size of unsigned int
configure:5100: gcc -o conftest -g -O2   conftest.c -lfec -lfftw3f -luhd -lliquid -lm -lc  >&5
configure:5100: $? = 0
configure:5100: ./conftest
configure:5100: $? = 0
configure:5114: result: 4
configure:5130: checking build system type
configure:5144: result: x86_64-unknown-linux-gnu
configure:5164: checking host system type
configure:5177: result: x86_64-unknown-linux-gnu
configure:5197: checking target system type
configure:5210: result: x86_64-unknown-linux-gnu
configure:5372: creating ./config.status

## ---------------------- ##
## Running config.status. ##
## ---------------------- ##

This file was extended by liquid-usrp config.status 0.1.0, which was
generated by GNU Autoconf 2.68.  Invocation command line was

  CONFIG_FILES    = 
  CONFIG_HEADERS  = 
  CONFIG_LINKS    = 
  CONFIG_COMMANDS = 
  $ ./config.status 

on ofdm-reference-test

config.status:849: creating makefile
config.status:849: creating config.h
config.status:1024: config.h is unchanged

## ---------------- ##
## Cache variables. ##
## ---------------- ##

ac_cv_build=x86_64-unknown-linux-gnu
ac_cv_c_compiler_gnu=yes
ac_cv_c_inline=inline
ac_cv_c_uint32_t=yes
ac_cv_c_uint8_t=yes
ac_cv_cxx_compiler_gnu=yes
ac_cv_env_CCC_set=
ac_cv_env_CCC_value=
ac_cv_env_CC_set=
ac_cv_env_CC_value=
ac_cv_env_CFLAGS_set=
ac_cv_env_CFLAGS_value=
ac_cv_env_CPPFLAGS_set=
ac_cv_env_CPPFLAGS_value=
ac_cv_env_CPP_set=
ac_cv_env_CPP_value=
ac_cv_env_CXXCPP_set=
ac_cv_env_CXXCPP_value=
ac_cv_env_CXXFLAGS_set=
ac_cv_env_CXXFLAGS_value=
ac_cv_env_CXX_set=
ac_cv_env_CXX_value=
ac_cv_env_LDFLAGS_set=
ac_cv_env_LDFLAGS_value=
ac_cv_env_LIBS_set=
ac_cv_env_LIBS_value=
ac_cv_env_build_alias_set=
ac_cv_env_build_alias_value=
ac_cv_env_host_alias_set=
ac_cv_env_host_alias_value=
ac_cv_env_target_alias_set=
ac_cv_env_target_alias_value=
ac_cv_func_free=yes
ac_cv_func_malloc=yes
ac_cv_func_malloc_0_nonnull=yes
ac_cv_func_memmove=yes
ac_cv_func_memset=yes
ac_cv_func_realloc=yes
ac_cv_func_realloc_0_nonnull=yes
ac_cv_header_fec_h=yes
ac_cv_header_fftw3_h=yes
ac_cv_header_inttypes_h=yes
ac_cv_header_memory_h=yes
ac_cv_header_stdbool_h=yes
ac_cv_header_stdc=yes
ac_cv_header_stdint_h=yes
ac_cv_header_stdlib_h=yes
ac_cv_header_string_h=yes
ac_cv_header_strings_h=yes
ac_cv_header_sys_stat_h=yes
ac_cv_header_sys_types_h=yes
ac_cv_header_uhd_usrp_multi_usrp_hpp=yes
ac_cv_header_unistd_h=yes
ac_cv_host=x86_64-unknown-linux-gnu
ac_cv_lib_c_main=yes
ac_cv_lib_error_at_line=yes
ac_cv_lib_fec_create_viterbi27=yes
ac_cv_lib_fftw3f_fftwf_plan_dft_1d=yes
ac_cv_lib_liquid_liquid_libversion=yes
ac_cv_lib_m_main=yes
ac_cv_lib_uhd_main=yes
ac_cv_objext=o
ac_cv_path_EGREP='/bin/grep -E'
ac_cv_path_GREP=/bin/grep
ac_cv_path_install='/usr/bin/install -c'
ac_cv_prog_CPP='gcc -E'
ac_cv_prog_CXXCPP='g++ -E'
ac_cv_prog_ac_ct_CC=gcc
ac_cv_prog_ac_ct_CXX=g++
ac_cv_prog_ac_ct_RANLIB=ranlib
ac_cv_prog_cc_c89=
ac_cv_prog_cc_g=yes
ac_cv_prog_cxx_g=yes
ac_cv_sizeof_int=4
ac_cv_sizeof_unsigned_int=4
ac_cv_target=x86_64-unknown-linux-gnu
ac_cv_type__Bool=yes
ac_cv_type_size_t=yes

## ----------------- ##
## Output variables. ##
## ----------------- ##

CC='gcc'
CFLAGS='-g -O2'
CPP='gcc -E'
CPPFLAGS=''
CXX='g++'
CXXCPP='g++ -E'
CXXFLAGS='-g -O2'
DEFS='-DHAVE_CONFIG_H'
ECHO_C=''
ECHO_N='-n'
ECHO_T=''
EGREP='/bin/grep -E'
EXEEXT=''
GREP='/bin/grep'
INSTALL_DATA='${INSTALL} -m 644'
INSTALL_PROGRAM='${INSTALL}'
INSTALL_SCRIPT='${INSTALL}'
LDFLAGS=''
LIBOBJS=''
LIBS='-lfec -lfftw3f -luhd -lliquid -lm -lc '
LTLIBOBJS=''
OBJEXT='o'
PACKAGE_BUGREPORT='liquid@vt.edu'
PACKAGE_NAME='liquid-usrp'
PACKAGE_STRING='liquid-usrp 0.1.0'
PACKAGE_TARNAME='liquid-usrp'
PACKAGE_URL=''
PACKAGE_VERSION='0.1.0'
PATH_SEPARATOR=':'
RANLIB='ranlib'
REBIND='ldconfig'
SHELL='/bin/bash'
SH_LIB='libliquidusrp.so'
ac_ct_CC='gcc'
ac_ct_CXX='g++'
bindir='${exec_prefix}/bin'
build='x86_64-unknown-linux-gnu'
build_alias=''
build_cpu='x86_64'
build_os='linux-gnu'
build_vendor='unknown'
datadir='${datarootdir}'
datarootdir='${prefix}/share'
docdir='${datarootdir}/doc/${PACKAGE_TARNAME}'
dvidir='${docdir}'
exec_prefix='${prefix}'
host='x86_64-unknown-linux-gnu'
host_alias=''
host_cpu='x86_64'
host_os='linux-gnu'
host_vendor='unknown'
htmldir='${docdir}'
includedir='${prefix}/include'
infodir='${datarootdir}/info'
libdir='${exec_prefix}/lib'
libexecdir='${exec_prefix}/libexec'
localedir='${datarootdir}/locale'
localstatedir='${prefix}/var'
mandir='${datarootdir}/man'
oldincludedir='/usr/include'
pdfdir='${docdir}'
prefix='/usr/local'
program_transform_name='s,x,x,'
psdir='${docdir}'
sbindir='${exec_prefix}/sbin'
sharedstatedir='${prefix}/com'
sysconfdir='${prefix}/etc'
target='x86_64-unknown-linux-gnu'
target_alias=''
target_cpu='x86_64'
target_os='linux-gnu'
target_vendor='unknown'

## ----------- ##
## confdefs.h. ##
## ----------- ##

/* confdefs.h */
#define PACKAGE_NAME "liquid-usrp"
#define PACKAGE_TARNAME "liquid-usrp"
#define PACKAGE_VERSION "0.1.0"
#define PACKAGE_STRING "liquid-usrp 0.1.0"
#define PACKAGE_BUGREPORT "liquid@vt.edu"
#define PACKAGE_URL ""
#define STDC_HEADERS 1
#define HAVE_SYS_TYPES_H 1
#define HAVE_SYS_STAT_H 1
#define HAVE_STDLIB_H 1
#define HAVE_STRING_H 1
#define HAVE_MEMORY_H 1
#define HAVE_STRINGS_H 1
#define HAVE_INTTYPES_H 1
#define HAVE_STDINT_H 1
#define HAVE_UNISTD_H 1
#define HAVE_STDLIB_H 1
#define HAVE_MALLOC 1
#define HAVE_STDLIB_H 1
#define HAVE_REALLOC 1
#define HAVE_LIBC 1
#define HAVE_LIBM 1
#define HAVE_LIBLIQUID 1
#define HAVE_LIBUHD 1
#define HAVE_UHD_USRP_MULTI_USRP_HPP 1
#define HAVE_FEC_H 1
#define HAVE_FFTW3_H 1
#define HAVE_LIBFFTW3F 1
#define HAVE_LIBFEC 1
#define HAVE__BOOL 1
#define HAVE_STDBOOL_H 1
#define SIZEOF_INT 4
#define SIZEOF_UNSIGNED_INT 4

configure: exit 0
